# JRE version: OpenJDK Runtime Environment (8.0_262-b10) (build 1.8.0_262-b10)
# Java VM: OpenJDK 64-Bit Server VM (25.262-b10 mixed mode linux-amd64 compressed oops)
Heap:
 PSYoungGen      total 10443264K, used 5653847K [0x0000000580100000, 0x0000000800000000, 0x0000000800000000)
  eden space 10405888K, 54% used [0x0000000580100000,0x00000006d7080438,0x00000007fb300000)
  from space 37376K, 92% used [0x00000007fdb80000,0x00000007ffd557e8,0x0000000800000000)
  to   space 39424K, 0% used [0x00000007fb300000,0x00000007fb300000,0x00000007fd980000)
 ParOldGen       total 4672512K, used 1878618K [0x0000000080200000, 0x000000019d500000, 0x0000000580100000)
  object space 4672512K, 40% used [0x0000000080200000,0x00000000f2c96b00,0x000000019d500000)
 Metaspace       used 49522K, capacity 51325K, committed 51624K, reserved 1093632K
  class space    used 6411K, capacity 6747K, committed 6824K, reserved 1048576K
GC Heap History (250 events):
Event: 614523,563 GC heap before
{Heap before GC invocations=30716 (full 6):
 PSYoungGen      total 9922048K, used 9922003K [0x0000000580100000, 0x00000007fd500000, 0x0000000800000000)
  eden space 9914368K, 100% used [0x0000000580100000,0x00000007dd300000,0x00000007dd300000)
  from space 7680K, 99% used [0x00000007fbd80000,0x00000007fc4f4db8,0x00000007fc500000)
  to   space 14848K, 0% used [0x00000007fc680000,0x00000007fc680000,0x00000007fd500000)
 ParOldGen       total 4672512K, used 1787767K [0x0000000080200000, 0x000000019d500000, 0x0000000580100000)
  object space 4672512K, 38% used [0x0000000080200000,0x00000000ed3ddea8,0x000000019d500000)
 Metaspace       used 49495K, capacity 51325K, committed 51624K, reserved 1093632K
  class space    used 6411K, capacity 6747K, committed 6824K, reserved 1048576K
Event: 614523,586 GC heap after
Heap after GC invocations=30716 (full 6):
 PSYoungGen      total 10187776K, used 6930K [0x0000000580100000, 0x00000007fcd80000, 0x0000000800000000)
  eden space 10180608K, 0% used [0x0000000580100000,0x0000000580100000,0x00000007ed700000)
  from space 7168K, 96% used [0x00000007fc680000,0x00000007fcd448b8,0x00000007fcd80000)
  to   space 14336K, 0% used [0x00000007fb180000,0x00000007fb180000,0x00000007fbf80000)
 ParOldGen       total 4672512K, used 1787775K [0x0000000080200000, 0x000000019d500000, 0x0000000580100000)
  object space 4672512K, 38% used [0x0000000080200000,0x00000000ed3dfea8,0x000000019d500000)
 Metaspace       used 49495K, capacity 51325K, committed 51624K, reserved 1093632K
  class space    used 6411K, capacity 6747K, committed 6824K, reserved 1048576K
}
Event: 614543,013 GC heap before
{Heap before GC invocations=30717 (full 6):
 PSYoungGen      total 10187776K, used 10187538K [0x0000000580100000, 0x00000007fcd80000, 0x0000000800000000)
  eden space 10180608K, 100% used [0x0000000580100000,0x00000007ed700000,0x00000007ed700000)
  from space 7168K, 96% used [0x00000007fc680000,0x00000007fcd448b8,0x00000007fcd80000)
  to   space 14336K, 0% used [0x00000007fb180000,0x00000007fb180000,0x00000007fbf80000)
 ParOldGen       total 4672512K, used 1787775K [0x0000000080200000, 0x000000019d500000, 0x0000000580100000)
  object space 4672512K, 38% used [0x0000000080200000,0x00000000ed3dfea8,0x000000019d500000)
 Metaspace       used 49495K, capacity 51325K, committed 51624K, reserved 1093632K
  class space    used 6411K, capacity 6747K, committed 6824K, reserved 1048576K
Event: 614543,035 GC heap after
Heap after GC invocations=30717 (full 6):
 PSYoungGen      total 10418688K, used 8296K [0x0000000580100000, 0x00000007ff200000, 0x0000000800000000)
  eden space 10404352K, 0% used [0x0000000580100000,0x0000000580100000,0x00000007fb180000)
  from space 14336K, 57% used [0x00000007fb180000,0x00000007fb99a2b0,0x00000007fbf80000)
  to   space 13824K, 0% used [0x00000007fe480000,0x00000007fe480000,0x00000007ff200000)
 ParOldGen       total 4672512K, used 1787783K [0x0000000080200000, 0x000000019d500000, 0x0000000580100000)
  object space 4672512K, 38% used [0x0000000080200000,0x00000000ed3e1ea8,0x000000019d500000)
 Metaspace       used 49495K, capacity 51325K, committed 51624K, reserved 1093632K
  class space    used 6411K, capacity 6747K, committed 6824K, reserved 1048576K
}
Event: 614561,726 GC heap before
{Heap before GC invocations=30718 (full 6):
 PSYoungGen      total 10418688K, used 10412648K [0x0000000580100000, 0x00000007ff200000, 0x0000000800000000)
  eden space 10404352K, 100% used [0x0000000580100000,0x00000007fb180000,0x00000007fb180000)
  from space 14336K, 57% used [0x00000007fb180000,0x00000007fb99a2b0,0x00000007fbf80000)
  to   space 13824K, 0% used [0x00000007fe480000,0x00000007fe480000,0x00000007ff200000)
 ParOldGen       total 4672512K, used 1787783K [0x0000000080200000, 0x000000019d500000, 0x0000000580100000)
  object space 4672512K, 38% used [0x0000000080200000,0x00000000ed3e1ea8,0x000000019d500000)
 Metaspace       used 49495K, capacity 51325K, committed 51624K, reserved 1093632K
  class space    used 6411K, capacity 6747K, committed 6824K, reserved 1048576K
Event: 614561,759 GC heap after
Heap after GC invocations=30718 (full 6):
 PSYoungGen      total 10456576K, used 6432K [0x0000000580100000, 0x00000007fff80000, 0x0000000800000000)
  eden space 10442752K, 0% used [0x0000000580100000,0x0000000580100000,0x00000007fd700000)
  from space 13824K, 46% used [0x00000007fe480000,0x00000007feac8160,0x00000007ff200000)
  to   space 13824K, 0% used [0x00000007fd700000,0x00000007fd700000,0x00000007fe480000)
 ParOldGen       total 4672512K, used 1787783K [0x0000000080200000, 0x000000019d500000, 0x0000000580100000)
  object space 4672512K, 38% used [0x0000000080200000,0x00000000ed3e1ea8,0x000000019d500000)
 Metaspace       used 49495K, capacity 51325K, committed 51624K, reserved 1093632K
  class space    used 6411K, capacity 6747K, committed 6824K, reserved 1048576K
}
Event: 614580,557 GC heap before
{Heap before GC invocations=30719 (full 6):
 PSYoungGen      total 10456576K, used 10449184K [0x0000000580100000, 0x00000007fff80000, 0x0000000800000000)
  eden space 10442752K, 100% used [0x0000000580100000,0x00000007fd700000,0x00000007fd700000)
  from space 13824K, 46% used [0x00000007fe480000,0x00000007feac8160,0x00000007ff200000)
  to   space 13824K, 0% used [0x00000007fd700000,0x00000007fd700000,0x00000007fe480000)
 ParOldGen       total 4672512K, used 1787783K [0x0000000080200000, 0x000000019d500000, 0x0000000580100000)
  object space 4672512K, 38% used [0x0000000080200000,0x00000000ed3e1ea8,0x000000019d500000)
 Metaspace       used 49495K, capacity 51325K, committed 51624K, reserved 1093632K
  class space    used 6411K, capacity 6747K, committed 6824K, reserved 1048576K
Event: 614580,571 GC heap after
Heap after GC invocations=30719 (full 6):
 PSYoungGen      total 10456576K, used 7961K [0x0000000580100000, 0x00000007fff00000, 0x0000000800000000)
  eden space 10442752K, 0% used [0x0000000580100000,0x0000000580100000,0x00000007fd700000)
  from space 13824K, 57% used [0x00000007fd700000,0x00000007fdec6778,0x00000007fe480000)
  to   space 13312K, 0% used [0x00000007ff200000,0x00000007ff200000,0x00000007fff00000)
 ParOldGen       total 4672512K, used 1787783K [0x0000000080200000, 0x000000019d500000, 0x0000000580100000)
  object space 4672512K, 38% used [0x0000000080200000,0x00000000ed3e1ea8,0x000000019d500000)
 Metaspace       used 49495K, capacity 51325K, committed 51624K, reserved 1093632K
  class space    used 6411K, capacity 6747K, committed 6824K, reserved 1048576K
}
Event: 614600,994 GC heap before
{Heap before GC invocations=30720 (full 6):
 PSYoungGen      total 10456576K, used 10450713K [0x0000000580100000, 0x00000007fff00000, 0x0000000800000000)
  eden space 10442752K, 100% used [0x0000000580100000,0x00000007fd700000,0x00000007fd700000)
  from space 13824K, 57% used [0x00000007fd700000,0x00000007fdec6778,0x00000007fe480000)
  to   space 13312K, 0% used [0x00000007ff200000,0x00000007ff200000,0x00000007fff00000)
 ParOldGen       total 4Event: 0,000 Thread 0x00007effc3e0ccaf GC heap before
Heap after GC invocations=30720 (full 6):
 PSYouEvent: 0,000 Thread 0x00007effc5e500f0 GC heap after

[error occurred during error reporting (printing ring buffers), id 0xb]

